Detecting compiler hash for triplet x64-windows...
Compiler found: C:/Program Files/Microsoft Visual Studio/18/Community/VC/Tools/MSVC/14.51.36231/bin/Hostx64/x64/cl.exe
The following packages are already installed:
    libssh2[core,zlib,openssl]:x64-windows@1.11.1#3
    openssl:x64-windows@3.6.3
  * vcpkg-cmake:x64-windows@2024-04-23
  * vcpkg-cmake-config:x64-windows@2024-05-23
  * vcpkg-cmake-get-vars:x64-windows@2025-05-29
  * zlib:x64-windows@1.3.2#1
openssl is compatible with built-in CMake targets:

  find_package(OpenSSL REQUIRED)
  target_link_libraries(main PRIVATE OpenSSL::SSL)
  target_link_libraries(main PRIVATE OpenSSL::Crypto)

libssh2 provides CMake targets:

  find_package(libssh2 CONFIG REQUIRED)
  target_link_libraries(main PRIVATE libssh2::libssh2)

libssh2 provides pkg-config modules:

  # Library for SSH-based communication
  libssh2

All requested installations completed successfully in: 2.57 ms
